<?xml version="1.0" encoding="UTF-8"?>
<!-- Generated by org.testng.reporters.JUnitReportReporter -->
<testsuite hostname="lgvn14575" name="datadriven.callMethodFromOtherClass" tests="2" failures="0" timestamp="4 Apr 2016 04:28:53 GMT" time="40.881" errors="0">
  <testcase name="Login" time="20.686" classname="datadriven.callMethodFromOtherClass"/>
  <testcase name="OpeningBrowser" time="20.195" classname="datadriven.callMethodFromOtherClass"/>
</testsuite> <!-- datadriven.callMethodFromOtherClass -->
