<?xml version="1.0" encoding="UTF-8"?>
<!-- Generated by org.testng.reporters.JUnitReportReporter -->
<testsuite hostname="lgvn14575" name="bitrix24.CommonAction" tests="1" failures="0" timestamp="5 Apr 2016 10:05:43 GMT" time="3.770" errors="0">
  <testcase name="Login" time="3.770" classname="bitrix24.CommonAction"/>
</testsuite> <!-- bitrix24.CommonAction -->
