<?xml version="1.0" encoding="UTF-8"?>
<!-- Generated by org.testng.reporters.JUnitReportReporter -->
<testsuite hostname="lgvn14575" name="bitrix24.ValidateLogin" tests="1" failures="0" timestamp="5 Apr 2016 04:58:14 GMT" time="20.777" errors="0">
  <testcase name="Login" time="20.777" classname="bitrix24.ValidateLogin"/>
</testsuite> <!-- bitrix24.ValidateLogin -->
