<?xml version="1.0" encoding="UTF-8"?>
<!-- Generated by org.testng.reporters.JUnitReportReporter -->
<testsuite hostname="PCLap" name="testngFiles.Annotations" tests="3" failures="0" timestamp="3 Apr 2016 10:00:09 GMT" time="0.005" errors="0">
  <testcase name="OpeningBrowser" time="0.000" classname="testngFiles.Annotations"/>
  <testcase name="FlightBooking" time="0.004" classname="testngFiles.Annotations"/>
  <testcase name="FlightCancel" time="0.001" classname="testngFiles.Annotations"/>
</testsuite> <!-- testngFiles.Annotations -->
