<?xml version="1.0" encoding="UTF-8"?>
<!-- Generated by org.testng.reporters.JUnitReportReporter -->
<testsuite hostname="lgvn14575" name="bitrix24.CommonAction" tests="1" failures="0" timestamp="4 Apr 2016 04:35:52 GMT" time="12.465" errors="0">
  <testcase name="Login" time="12.465" classname="bitrix24.CommonAction"/>
</testsuite> <!-- bitrix24.CommonAction -->
