<?xml version="1.0" encoding="UTF-8"?>
<!-- Generated by org.testng.reporters.JUnitReportReporter -->
<testsuite hostname="PCLap" name="testgnFiles.Annotations" tests="3" failures="0" timestamp="3 Apr 2016 07:49:45 GMT" time="0.008" errors="0">
  <testcase name="OpeningBrowser" time="0.001" classname="testgnFiles.Annotations"/>
  <testcase name="FlightBooking" time="0.004" classname="testgnFiles.Annotations"/>
  <testcase name="FlightCancel" time="0.003" classname="testgnFiles.Annotations"/>
</testsuite> <!-- testgnFiles.Annotations -->
