<?xml version="1.0" encoding="UTF-8"?>
<!-- Generated by org.testng.reporters.JUnitReportReporter -->
<testsuite hostname="lgvn14575" name="datadriven.callMethodFromOtherClass" tests="2" failures="0" timestamp="6 Apr 2016 04:29:38 GMT" time="77.752" errors="0">
  <testcase name="Login" time="36.434" classname="datadriven.callMethodFromOtherClass"/>
  <testcase name="OpeningBrowser" time="41.318" classname="datadriven.callMethodFromOtherClass"/>
</testsuite> <!-- datadriven.callMethodFromOtherClass -->
