<?xml version="1.0" encoding="UTF-8"?>
<!-- Generated by org.testng.reporters.JUnitReportReporter -->
<testsuite hostname="lgvn14575" name="bitrix24.CommonAction" tests="1" failures="0" timestamp="5 Apr 2016 04:49:36 GMT" time="10.736" errors="0">
  <testcase name="Navigate" time="10.736" classname="bitrix24.CommonAction"/>
</testsuite> <!-- bitrix24.CommonAction -->
