<?xml version="1.0" encoding="UTF-8"?>
<!-- Generated by org.testng.reporters.JUnitReportReporter -->
<testsuite hostname="PCLap" name="datadriven.callMethodFromOtherClass" tests="2" failures="0" timestamp="3 Apr 2016 09:15:54 GMT" time="11.874" errors="0">
  <testcase name="Login" time="7.338" classname="datadriven.callMethodFromOtherClass"/>
  <testcase name="OpeningBrowser" time="4.536" classname="datadriven.callMethodFromOtherClass"/>
</testsuite> <!-- datadriven.callMethodFromOtherClass -->
