<?xml version="1.0" encoding="UTF-8"?>
<!-- Generated by org.testng.reporters.JUnitReportReporter -->
<testsuite hostname="lgvn14575" name="testngFiles.Annotations" tests="3" failures="0" timestamp="5 Apr 2016 04:01:22 GMT" time="0.004" errors="0">
  <testcase name="FlightBooking" time="0.002" classname="testngFiles.Annotations"/>
  <testcase name="FlightCancel" time="0.000" classname="testngFiles.Annotations"/>
  <testcase name="OpeningBrowser" time="0.002" classname="testngFiles.Annotations"/>
</testsuite> <!-- testngFiles.Annotations -->
