<?xml version="1.0" encoding="UTF-8"?>
<!-- Generated by org.testng.reporters.JUnitReportReporter -->
<testsuite hostname="PCLap" name="datadriven.globalParameters" tests="1" failures="0" timestamp="3 Apr 2016 09:04:24 GMT" time="4.703" errors="0">
  <testcase name="Login" time="4.703" classname="datadriven.globalParameters"/>
</testsuite> <!-- datadriven.globalParameters -->
