<?xml version="1.0" encoding="UTF-8"?>
<!-- Generated by org.testng.reporters.JUnitReportReporter -->
<testsuite hostname="PCLap" name="datadriven.xmlparameters" tests="4" failures="0" timestamp="3 Apr 2016 09:53:37 GMT" time="0.010" errors="0">
  <testcase name="FlightBooking" time="0.004" classname="datadriven.xmlparameters"/>
  <testcase name="userid" time="0.002" classname="datadriven.xmlparameters"/>
  <testcase name="userid" time="0.003" classname="datadriven.xmlparameters"/>
  <testcase name="userid" time="0.001" classname="datadriven.xmlparameters"/>
</testsuite> <!-- datadriven.xmlparameters -->
