<?xml version="1.0" encoding="UTF-8"?>
<!-- Generated by org.testng.reporters.JUnitReportReporter -->
<testsuite hostname="PCLap" name="testgnFiles.DependencyAnnotation" tests="3" failures="0" timestamp="2 Apr 2016 09:42:45 GMT" time="0.007" errors="0">
  <testcase name="OpeningBrowser" time="0.001" classname="testgnFiles.DependencyAnnotation"/>
  <testcase name="Timerelated" time="0.005" classname="testgnFiles.DependencyAnnotation"/>
  <testcase name="FlightBooking" time="0.001" classname="testgnFiles.DependencyAnnotation"/>
</testsuite> <!-- testgnFiles.DependencyAnnotation -->
